-60.000000 10240.000000
-59.900002 10240.000000
-59.800003 10240.000000
-59.700005 10240.000000
-59.600006 10240.000000
-59.500008 10240.000000
-59.400009 10240.000000
-59.300011 10240.000000
-59.200012 10240.000000
-59.100014 10240.000000
-59.000015 10240.000000
-58.900017 10240.000000
-58.800018 10240.000000
-58.700020 10240.000000
-58.600021 10240.000000
-58.500023 10240.000000
-58.400024 10240.000000
-58.300026 10240.000000
-58.200027 10240.000000
-58.100029 10240.000000
-58.000031 10240.000000
-57.900032 10240.000000
-57.800034 10240.000000
-57.700035 10240.000000
-57.600037 10240.000000
-57.500038 10240.000000
-57.400040 10240.000000
-57.300041 10240.000000
-57.200043 10240.000000
-57.100044 10240.000000
-57.000046 10240.000000
-56.900047 10240.000000
-56.800049 10240.000000
-56.700050 10240.000000
-56.600052 10240.000000
-56.500053 10240.000000
-56.400055 10240.000000
-56.300056 10240.000000
-56.200058 10240.000000
-56.100060 10240.000000
-56.000061 10240.000000
-55.900063 10240.000000
-55.800064 10240.000000
-55.700066 10240.000000
-55.600067 10240.000000
-55.500069 10240.000000
-55.400070 10240.000000
-55.300072 10240.000000
-55.200073 10240.000000
-55.100075 10240.000000
-55.000076 10240.000000
-54.900078 10240.000000
-54.800079 10240.000000
-54.700081 10240.000000
-54.600082 10240.000000
-54.500084 10240.000000
-54.400085 10240.000000
-54.300087 10240.000000
-54.200089 10240.000000
-54.100090 10240.000000
-54.000092 10240.000000
-53.900093 10240.000000
-53.800095 10240.000000
-53.700096 10240.000000
-53.600098 10240.000000
-53.500099 10240.000000
-53.400101 10240.000000
-53.300102 10240.000000
-53.200104 10240.000000
-53.100105 10240.000000
-53.000107 10240.000000
-52.900108 10240.000000
-52.800110 10240.000000
-52.700111 10240.000000
-52.600113 10240.000000
-52.500114 10240.000000
-52.400116 10240.000000
-52.300117 10240.000000
-52.200119 10240.000000
-52.100121 10240.000000
-52.000122 10240.000000
-51.900124 10240.000000
-51.800125 10240.000000
-51.700127 10240.000000
-51.600128 10240.000000
-51.500130 10240.000000
-51.400131 10240.000000
-51.300133 10240.000000
-51.200134 10240.000000
-51.100136 10240.000000
-51.000137 10240.000000
-50.900139 10240.000000
-50.800140 10240.000000
-50.700142 10240.000000
-50.600143 10240.000000
-50.500145 10240.000000
-50.400146 10240.000000
-50.300148 10240.000000
-50.200150 10240.000000
-50.100151 10240.000000
-50.000153 10240.000000
-49.900154 10240.000000
-49.800156 10240.000000
-49.700157 10240.000000
-49.600159 10240.000000
-49.500160 10240.000000
-49.400162 10240.000000
-49.300163 10240.000000
-49.200165 10240.000000
-49.100166 10240.000000
-49.000168 10240.000000
-48.900169 10240.000000
-48.800171 10240.000000
-48.700172 10240.000000
-48.600174 10240.000000
-48.500175 10240.000000
-48.400177 10240.000000
-48.300179 10240.000000
-48.200180 10240.000000
-48.100182 10240.000000
-48.000183 10240.000000
-47.900185 10240.000000
-47.800186 10240.000000
-47.700188 10240.000000
-47.600189 10240.000000
-47.500191 10240.000000
-47.400192 10240.000000
-47.300194 10240.000000
-47.200195 10240.000000
-47.100197 10240.000000
-47.000198 10240.000000
-46.900200 10240.000000
-46.800201 10240.000000
-46.700203 10240.000000
-46.600204 10240.000000
-46.500206 10240.000000
-46.400208 10240.000000
-46.300209 10240.000000
-46.200211 10240.000000
-46.100212 10240.000000
-46.000214 10240.000000
-45.900215 10240.000000
-45.800217 10240.000000
-45.700218 10240.000000
-45.600220 10240.000000
-45.500221 10240.000000
-45.400223 10240.000000
-45.300224 10240.000000
-45.200226 10240.000000
-45.100227 10240.000000
-45.000229 10240.000000
-44.900230 10240.000000
-44.800232 10240.000000
-44.700233 10240.000000
-44.600235 10240.000000
-44.500237 10240.000000
-44.400238 10240.000000
-44.300240 10240.000000
-44.200241 10240.000000
-44.100243 10240.000000
-44.000244 10240.000000
-43.900246 10240.000000
-43.800247 10240.000000
-43.700249 10240.000000
-43.600250 10240.000000
-43.500252 10240.000000
-43.400253 10240.000000
-43.300255 10240.000000
-43.200256 10240.000000
-43.100258 10240.000000
-43.000259 10240.000000
-42.900261 10240.000000
-42.800262 10240.000000
-42.700264 10240.000000
-42.600266 10240.000000
-42.500267 10240.000000
-42.400269 10240.000000
-42.300270 10240.000000
-42.200272 10240.000000
-42.100273 10240.000000
-42.000275 10240.000000
-41.900276 10240.000000
-41.800278 10240.000000
-41.700279 10240.000000
-41.600281 10240.000000
-41.500282 10240.000000
-41.400284 10240.000000
-41.300285 10240.000000
-41.200287 10240.000000
-41.100288 10240.000000
-41.000290 10240.000000
-40.900291 10240.000000
-40.800293 10240.000000
-40.700294 10240.000000
-40.600296 10240.000000
-40.500298 10240.000000
-40.400299 10240.000000
-40.300301 10240.000000
-40.200302 10240.000000
-40.100304 10240.000000
-40.000305 10240.000000
-39.900307 10240.000000
-39.800308 10240.000000
-39.700310 10240.000000
-39.600311 10240.000000
-39.500313 10240.000000
-39.400314 10240.000000
-39.300316 10240.000000
-39.200317 10240.000000
-39.100319 10240.000000
-39.000320 10240.000000
-38.900322 10240.000000
-38.800323 10240.000000
-38.700325 10240.000000
-38.600327 10240.000000
-38.500328 10240.000000
-38.400330 10240.000000
-38.300331 10240.000000
-38.200333 10240.000000
-38.100334 10240.000000
-38.000336 10240.000000
-37.900337 10240.000000
-37.800339 10240.000000
-37.700340 10240.000000
-37.600342 10240.000000
-37.500343 10240.000000
-37.400345 10240.000000
-37.300346 10240.000000
-37.200348 10240.000000
-37.100349 10240.000000
-37.000351 10240.000000
-36.900352 10240.000000
-36.800354 10240.000000
-36.700356 10240.000000
-36.600357 10240.000000
-36.500359 10240.000000
-36.400360 10240.000000
-36.300362 10240.000000
-36.200363 10240.000000
-36.100365 10240.000000
-36.000366 10240.000000
-35.900368 10240.000000
-35.800369 10240.000000
-35.700371 10240.000000
-35.600372 10240.000000
-35.500374 10240.000000
-35.400375 10240.000000
-35.300377 10240.000000
-35.200378 10240.000000
-35.100380 10240.000000
-35.000381 10240.000000
-34.900383 10240.000000
-34.800385 10240.000000
-34.700386 10240.000000
-34.600388 10240.000000
-34.500389 10240.000000
-34.400391 10240.000000
-34.300392 10240.000000
-34.200394 10240.000000
-34.100395 10240.000000
-34.000397 10240.000000
-33.900398 10240.000000
-33.800400 10240.000000
-33.700401 10240.000000
-33.600403 10240.000000
-33.500404 10240.000000
-33.400406 10240.000000
-33.300407 10240.000000
-33.200409 10240.000000
-33.100410 10240.000000
-33.000412 10240.000000
-32.900414 10240.000000
-32.800415 10240.000000
-32.700417 10240.000000
-32.600418 10240.000000
-32.500420 10240.000000
-32.400421 10240.000000
-32.300423 10240.000000
-32.200424 10240.000000
-32.100426 10240.000000
-32.000427 10240.000000
-31.900427 10240.000000
-31.800426 10240.000000
-31.700426 10240.000000
-31.600426 10240.000000
-31.500425 10240.000000
-31.400425 10240.000000
-31.300425 10240.000000
-31.200424 10240.000000
-31.100424 10240.000000
-31.000423 10240.000000
-30.900423 10240.000000
-30.800423 10240.000000
-30.700422 10240.000000
-30.600422 10240.000000
-30.500422 10240.000000
-30.400421 10240.000000
-30.300421 10240.000000
-30.200420 10240.000000
-30.100420 10240.000000
-30.000420 10240.000000
-29.900419 10240.000000
-29.800419 10240.000000
-29.700418 10240.000000
-29.600418 10240.000000
-29.500418 10240.000000
-29.400417 10240.000000
-29.300417 10240.000000
-29.200417 10240.000000
-29.100416 10240.000000
-29.000416 10240.000000
-28.900415 10240.000000
-28.800415 10240.000000
-28.700415 10240.000000
-28.600414 10240.000000
-28.500414 10240.000000
-28.400414 10240.000000
-28.300413 10240.000000
-28.200413 10240.000000
-28.100412 10240.000000
-28.000412 10240.000000
-27.900412 10240.000000
-27.800411 10240.000000
-27.700411 10240.000000
-27.600410 10240.000000
-27.500410 10240.000000
-27.400410 10240.000000
-27.300409 10240.000000
-27.200409 10240.000000
-27.100409 10240.000000
-27.000408 10240.000000
-26.900408 10240.000000
-26.800407 10240.000000
-26.700407 10240.000000
-26.600407 10240.000000
-26.500406 10240.000000
-26.400406 10240.000000
-26.300406 10240.000000
-26.200405 10240.000000
-26.100405 10240.000000
-26.000404 10240.000000
-25.900404 10240.000000
-25.800404 10240.000000
-25.700403 10240.000000
-25.600403 10240.000000
-25.500402 10240.000000
-25.400402 10240.000000
-25.300402 10240.000000
-25.200401 10240.000000
-25.100401 10240.000000
-25.000401 10240.000000
-24.900400 10240.000000
-24.800400 10240.000000
-24.700399 10240.000000
-24.600399 10240.000000
-24.500399 10240.000000
-24.400398 10240.000000
-24.300398 10240.000000
-24.200397 10240.000000
-24.100397 10240.000000
-24.000397 10240.000000
-23.900396 10240.000000
-23.800396 10240.000000
-23.700396 10240.000000
-23.600395 10240.000000
-23.500395 10240.000000
-23.400394 10240.000000
-23.300394 10240.000000
-23.200394 10240.000000
-23.100393 10240.000000
-23.000393 10240.000000
-22.900393 10240.000000
-22.800392 10240.000000
-22.700392 10240.000000
-22.600391 10240.000000
-22.500391 10240.000000
-22.400391 10240.000000
-22.300390 10240.000000
-22.200390 10240.000000
-22.100389 10240.000000
-22.000389 10240.000000
-21.900389 10240.000000
-21.800388 10240.000000
-21.700388 10240.000000
-21.600388 10240.000000
-21.500387 10240.000000
-21.400387 10240.000000
-21.300386 10240.000000
-21.200386 10240.000000
-21.100386 10240.000000
-21.000385 10240.000000
-20.900385 10240.000000
-20.800385 10240.000000
-20.700384 10240.000000
-20.600384 10240.000000
-20.500383 10240.000000
-20.400383 10240.000000
-20.300383 10240.000000
-20.200382 10240.000000
-20.100382 10240.000000
-20.000381 10240.000000
-19.900381 10240.000000
-19.800381 10240.000000
-19.700380 10240.000000
-19.600380 10240.000000
-19.500380 10240.000000
-19.400379 10240.000000
-19.300379 10240.000000
-19.200378 10240.000000
-19.100378 10240.000000
-19.000378 10240.000000
-18.900377 10240.000000
-18.800377 10240.000000
-18.700377 10240.000000
-18.600376 10240.000000
-18.500376 10240.000000
-18.400375 10240.000000
-18.300375 10240.000000
-18.200375 10240.000000
-18.100374 10240.000000
-18.000374 10240.000000
-17.900373 10240.000000
-17.800373 10240.000000
-17.700373 10240.000000
-17.600372 10240.000000
-17.500372 10240.000000
-17.400372 10240.000000
-17.300371 10240.000000
-17.200371 10240.000000
-17.100370 10240.000000
-17.000370 10240.000000
-16.900370 10240.000000
-16.800369 10240.000000
-16.700369 10240.000000
-16.600368 10240.000000
-16.500368 10240.000000
-16.400368 10240.000000
-16.300367 10240.000000
-16.200367 10240.000000
-16.100367 10240.000000
-16.000366 10240.000000
-15.900366 10240.000000
-15.800365 10240.000000
-15.700365 10240.000000
-15.600365 10240.000000
-15.500364 10240.000000
-15.400364 10240.000000
-15.300364 10240.000000
-15.200363 10240.000000
-15.100363 10240.000000
-15.000362 10240.000000
-14.900362 10240.000000
-14.800362 10240.000000
-14.700361 10240.000000
-14.600361 10240.000000
-14.500360 10240.000000
-14.400360 10240.000000
-14.300360 10240.000000
-14.200359 10240.000000
-14.100359 10240.000000
-14.000359 10240.000000
-13.900358 10240.000000
-13.800358 10240.000000
-13.700357 10240.000000
-13.600357 10240.000000
-13.500357 10240.000000
-13.400356 10240.000000
-13.300356 10240.000000
-13.200356 10240.000000
-13.100355 10240.000000
-13.000355 10240.000000
-12.900354 10240.000000
-12.800354 10240.000000
-12.700354 10240.000000
-12.600353 10240.000000
-12.500353 10240.000000
-12.400352 10240.000000
-12.300352 10240.000000
-12.200352 10240.000000
-12.100351 10240.000000
-12.000351 10240.000000
-11.900351 10240.000000
-11.800350 10240.000000
-11.700350 10240.000000
-11.600349 10240.000000
-11.500349 10240.000000
-11.400349 10240.000000
-11.300348 10240.000000
-11.200348 10240.000000
-11.100348 10240.000000
-11.000347 10240.000000
-10.900347 10240.000000
-10.800346 10240.000000
-10.700346 10240.000000
-10.600346 10240.000000
-10.500345 10240.000000
-10.400345 10240.000000
-10.300344 10240.000000
-10.200344 10240.000000
-10.100344 10240.000000
-10.000343 10240.000000
-9.900343 10240.000000
-9.800343 10240.000000
-9.700342 10240.000000
-9.600342 10240.000000
-9.500341 10240.000000
-9.400341 10240.000000
-9.300341 10240.000000
-9.200340 10240.000000
-9.100340 10240.000000
-9.000340 10240.000000
-8.900339 10240.000000
-8.800339 10240.000000
-8.700338 10240.000000
-8.600338 10240.000000
-8.500338 10240.000000
-8.400337 10240.000000
-8.300337 10240.000000
-8.200336 10240.000000
-8.100336 10240.000000
-8.000336 10240.000000
-7.900336 10240.000000
-7.800336 10240.000000
-7.700336 10240.000000
-7.600336 10240.000000
-7.500336 10240.000000
-7.400336 10240.000000
-7.300336 10240.000000
-7.200336 10240.000000
-7.100337 10240.000000
-7.000337 10240.000000
-6.900337 10240.000000
-6.800337 10240.000000
-6.700337 10240.000000
-6.600337 10240.000000
-6.500337 10240.000000
-6.400337 10240.000000
-6.300337 10240.000000
-6.200337 10240.000000
-6.100338 10240.000000
-6.000338 10240.000000
-5.900338 10240.000000
-5.800338 10240.000000
-5.700338 10240.000000
-5.600338 10240.000000
-5.500338 10240.000000
-5.400338 10240.000000
-5.300338 10240.000000
-5.200338 10240.000000
-5.100338 10240.000000
-5.000339 10240.000000
-4.900339 10240.000000
-4.800339 10240.000000
-4.700339 10240.000000
-4.600339 10240.000000
-4.500339 10240.000000
-4.400339 10240.000000
-4.300339 10240.000000
-4.200339 10240.000000
-4.100339 10240.000000
-4.000340 10240.000000
-3.900340 10240.000000
-3.800340 10240.000000
-3.700340 10240.000000
-3.600340 10240.000000
-3.500340 10240.000000
-3.400340 10240.000000
-3.300340 10240.000000
-3.200340 10240.000000
-3.100340 10240.000000
-3.000340 10240.000000
-2.900341 10240.000000
-2.800341 10240.000000
-2.700341 10240.000000
-2.600341 10240.000000
-2.500341 10240.000000
-2.400341 10240.000000
-2.300341 10240.000000
-2.200341 10240.000000
-2.100341 10240.000000
-2.000341 10240.000000
-1.900341 10240.000000
-1.800341 10240.000000
-1.700341 10240.000000
-1.600341 10240.000000
-1.500341 10240.000000
-1.400341 10240.000000
-1.300341 10240.000000
-1.200341 10240.000000
-1.100341 10240.000000
-1.000341 10240.000000
-0.900341 10240.000000
-0.800341 10240.000000
-0.700341 10240.000000
-0.600341 10240.000000
-0.500341 10240.000000
-0.400341 10240.000000
-0.300341 10240.000000
-0.200341 10240.000000
-0.100341 10240.000000
-0.000341 10240.000000
0.099659 10240.000000
0.199659 10240.000000
0.299659 10240.000000
0.399659 10240.000000
0.499659 10240.000000
0.599659 10240.000000
0.699659 10240.000000
0.799659 10240.000000
0.899659 10240.000000
0.999659 10240.000000
1.099659 10240.000000
1.199659 10240.000000
1.299659 10240.000000
1.399659 10240.000000
1.499659 10240.000000
1.599659 10240.000000
1.699659 10240.000000
1.799659 10240.000000
1.899659 10240.000000
1.999659 10240.000000
2.099659 10240.000000
2.199659 10240.000000
2.299659 10240.000000
2.399659 10240.000000
2.499659 10240.000000
2.599659 10240.000000
2.699659 10240.000000
2.799659 10240.000000
2.899658 10240.000000
2.999658 10240.000000
3.099658 10240.000000
3.199658 10240.000000
3.299658 10240.000000
3.399658 10240.000000
3.499658 10240.000000
3.599658 10240.000000
3.699658 10240.000000
3.799658 10240.000000
3.899657 10240.000000
3.999657 10240.000000
4.099658 10240.000000
4.199657 10240.000000
4.299657 10240.000000
4.399657 10240.000000
4.499657 10240.000000
4.599657 10240.000000
4.699657 10240.000000
4.799657 10240.000000
4.899657 10240.000000
4.999657 10240.000000
5.099657 10240.000000
5.199656 10240.000000
5.299656 10240.000000
5.399656 10240.000000
5.499656 10240.000000
5.599656 10240.000000
5.699656 10240.000000
5.799656 10240.000000
5.899656 10240.000000
5.999656 10240.000000
6.099656 10240.000000
6.199656 10240.000000
6.299655 10240.000000
6.399655 10240.000000
6.499655 10240.000000
6.599655 10240.000000
6.699655 10240.000000
6.799655 10240.000000
6.899655 10240.000000
6.999655 10240.000000
7.099655 10240.000000
7.199655 10240.000000
7.299654 10240.000000
7.399654 10240.000000
7.499654 10240.000000
7.599654 10240.000000
7.699654 10240.000000
7.799654 10240.000000
7.899654 10240.000000
7.999654 10240.000000
8.099654 10240.000000
8.199655 10240.000000
8.299655 10240.000000
8.399655 10240.000000
8.499656 10240.000000
8.599656 10240.000000
8.699656 10240.000000
8.799657 10240.000000
8.899657 10240.000000
8.999658 10240.000000
9.099658 10240.000000
9.199658 10240.000000
9.299659 10240.000000
9.399659 10240.000000
9.499660 10240.000000
9.599660 10240.000000
9.699660 10240.000000
9.799661 10240.000000
9.899661 10240.000000
9.999661 10240.000000
10.099662 10240.000000
10.199662 10240.000000
10.299663 10240.000000
10.399663 10240.000000
10.499663 10240.000000
10.599664 10240.000000
10.699664 10240.000000
10.799664 10240.000000
10.899665 10240.000000
10.999665 10240.000000
11.099666 10240.000000
11.199666 10240.000000
11.299666 10240.000000
11.399667 10240.000000
11.499667 10240.000000
11.599668 10240.000000
11.699668 10240.000000
11.799668 10240.000000
11.899669 10240.000000
11.999669 10240.000000
12.099669 10240.000000
12.199670 10240.000000
12.299670 10240.000000
12.399671 10240.000000
12.499671 10240.000000
12.599671 10240.000000
12.699672 10240.000000
12.799672 10240.000000
12.899673 10240.000000
12.999673 10240.000000
13.099673 10240.000000
13.199674 10240.000000
13.299674 10240.000000
13.399674 10240.000000
13.499675 10240.000000
13.599675 10240.000000
13.699676 10240.000000
13.799676 10240.000000
13.899676 10240.000000
13.999677 10240.000000
14.099677 10240.000000
14.199677 10240.000000
14.299678 10240.000000
14.399678 10240.000000
14.499679 10240.000000
14.599679 10240.000000
14.699679 10240.000000
14.799680 10240.000000
14.899680 10240.000000
14.999681 10240.000000
15.099681 10240.000000
15.199681 10240.000000
15.299682 10240.000000
15.399682 10240.000000
15.499682 10240.000000
15.599683 10240.000000
15.699683 10240.000000
15.799684 10240.000000
15.899684 10240.000000
15.999684 10240.000000
16.099684 10240.000000
16.199684 10240.000000
16.299685 10240.000000
16.399685 10240.000000
16.499685 10240.000000
16.599686 10240.000000
16.699686 10240.000000
16.799686 10240.000000
16.899687 10240.000000
16.999687 10240.000000
17.099688 10240.000000
17.199688 10240.000000
17.299688 10240.000000
17.399689 10240.000000
17.499689 10240.000000
17.599689 10240.000000
17.699690 10240.000000
17.799690 10240.000000
17.899691 10240.000000
17.999691 10240.000000
18.099691 10240.000000
18.199692 10240.000000
18.299692 10240.000000
18.399693 10240.000000
18.499693 10240.000000
18.599693 10240.000000
18.699694 10240.000000
18.799694 10240.000000
18.899694 10240.000000
18.999695 10240.000000
19.099695 10240.000000
19.199696 10240.000000
19.299696 10240.000000
19.399696 10240.000000
19.499697 10240.000000
19.599697 10240.000000
19.699697 10240.000000
19.799698 10240.000000
19.899698 10240.000000
19.999699 10240.000000
20.099699 10240.000000
20.199699 10240.000000
20.299700 10240.000000
20.399700 10240.000000
20.499701 10240.000000
20.599701 10240.000000
20.699701 10240.000000
20.799702 10240.000000
20.899702 10240.000000
20.999702 10240.000000
21.099703 10240.000000
21.199703 10240.000000
21.299704 10240.000000
21.399704 10240.000000
21.499704 10240.000000
21.599705 10240.000000
21.699705 10240.000000
21.799706 10240.000000
21.899706 10240.000000
21.999706 10240.000000
22.099707 10240.000000
22.199707 10240.000000
22.299707 10240.000000
22.399708 10240.000000
22.499708 10240.000000
22.599709 10240.000000
22.699709 10240.000000
22.799709 10240.000000
22.899710 10240.000000
22.999710 10240.000000
23.099710 10240.000000
23.199711 10240.000000
23.299711 10240.000000
23.399712 10240.000000
23.499712 10240.000000
23.599712 10240.000000
23.699713 10240.000000
23.799713 10240.000000
23.899714 10240.000000
23.999714 10240.000000
24.099714 10240.000000
24.199715 10240.000000
24.299715 10240.000000
24.399715 10240.000000
24.499716 10240.000000
24.599716 10240.000000
24.699717 10240.000000
24.799717 10240.000000
24.899717 10240.000000
24.999718 10240.000000
25.099718 10240.000000
25.199718 10240.000000
25.299719 10240.000000
25.399719 10240.000000
25.499720 10240.000000
25.599720 10240.000000
25.699720 10240.000000
25.799721 10240.000000
25.899721 10240.000000
25.999722 10240.000000
26.099722 10240.000000
26.199722 10240.000000
26.299723 10240.000000
26.399723 10240.000000
26.499723 10240.000000
26.599724 10240.000000
26.699724 10240.000000
26.799725 10240.000000
26.899725 10240.000000
26.999725 10240.000000
27.099726 10240.000000
27.199726 10240.000000
27.299726 10240.000000
27.399727 10240.000000
27.499727 10240.000000
27.599728 10240.000000
27.699728 10240.000000
27.799728 10240.000000
27.899729 10240.000000
27.999729 10240.000000
28.099730 10240.000000
28.199730 10240.000000
28.299730 10240.000000
28.399731 10240.000000
28.499731 10240.000000
28.599731 10240.000000
28.699732 10240.000000
28.799732 10240.000000
28.899733 10240.000000
28.999733 10240.000000
29.099733 10240.000000
29.199734 10240.000000
29.299734 10240.000000
29.399734 10240.000000
29.499735 10240.000000
29.599735 10240.000000
29.699736 10240.000000
29.799736 10240.000000
29.899736 10240.000000
29.999737 10240.000000
30.099737 10240.000000
30.199738 10240.000000
30.299738 10240.000000
30.399738 10240.000000
30.499739 10240.000000
30.599739 10240.000000
30.699739 10240.000000
30.799740 10240.000000
30.899740 10240.000000
30.999741 10240.000000
31.099741 10240.000000
31.199741 10240.000000
31.299742 10240.000000
31.399742 10240.000000
31.499743 10240.000000
31.599743 10240.000000
31.699743 10240.000000
31.799744 10240.000000
31.899744 10240.000000
31.999744 10240.000000
32.099743 10240.000000
32.199741 10240.000000
32.299740 10240.000000
32.399738 10240.000000
32.499737 10240.000000
32.599735 10240.000000
32.699734 10240.000000
32.799732 10240.000000
32.899731 10240.000000
32.999729 10240.000000
33.099728 10240.000000
33.199726 10240.000000
33.299725 10240.000000
33.399723 10240.000000
33.499722 10240.000000
33.599720 10240.000000
33.699718 10240.000000
33.799717 10240.000000
33.899715 10240.000000
33.999714 10240.000000
34.099712 10240.000000
34.199711 10240.000000
34.299709 10240.000000
34.399708 10240.000000
34.499706 10240.000000
34.599705 10240.000000
34.699703 10240.000000
34.799702 10240.000000
34.899700 10240.000000
34.999699 10240.000000
35.099697 10240.000000
35.199696 10240.000000
35.299694 10240.000000
35.399693 10240.000000
35.499691 10240.000000
35.599689 10240.000000
35.699688 10240.000000
35.799686 10240.000000
35.899685 10240.000000
35.999683 10240.000000
36.099682 10240.000000
36.199680 10240.000000
36.299679 10240.000000
36.399677 10240.000000
36.499676 10240.000000
36.599674 10240.000000
36.699673 10240.000000
36.799671 10240.000000
36.899670 10240.000000
36.999668 10240.000000
37.099667 10240.000000
37.199665 10240.000000
37.299664 10240.000000
37.399662 10240.000000
37.499660 10240.000000
37.599659 10240.000000
37.699657 10240.000000
37.799656 10240.000000
37.899654 10240.000000
37.999653 10240.000000
38.099651 10240.000000
38.199650 10240.000000
38.299648 10240.000000
38.399647 10240.000000
38.499645 10240.000000
38.599644 10240.000000
38.699642 10240.000000
38.799641 10240.000000
38.899639 10240.000000
38.999638 10240.000000
39.099636 10240.000000
39.199635 10240.000000
39.299633 10240.000000
39.399632 10240.000000
39.499630 10240.000000
39.599628 10240.000000
39.699627 10240.000000
39.799625 10240.000000
39.899624 10240.000000
39.999622 10240.000000
40.099621 10240.000000
40.199619 10240.000000
40.299618 10240.000000
40.399616 10240.000000
40.499615 10240.000000
40.599613 10240.000000
40.699612 10240.000000
40.799610 10240.000000
40.899609 10240.000000
40.999607 10240.000000
41.099606 10240.000000
41.199604 10240.000000
41.299603 10240.000000
41.399601 10240.000000
41.499599 10240.000000
41.599598 10240.000000
41.699596 10240.000000
41.799595 10240.000000
41.899593 10240.000000
41.999592 10240.000000
42.099590 10240.000000
42.199589 10240.000000
42.299587 10240.000000
42.399586 10240.000000
42.499584 10240.000000
42.599583 10240.000000
42.699581 10240.000000
42.799580 10240.000000
42.899578 10240.000000
42.999577 10240.000000
43.099575 10240.000000
43.199574 10240.000000
43.299572 10240.000000
43.399570 10240.000000
43.499569 10240.000000
43.599567 10240.000000
43.699566 10240.000000
43.799564 10240.000000
43.899563 10240.000000
43.999561 10240.000000
44.099560 10240.000000
44.199558 10240.000000
44.299557 10240.000000
44.399555 10240.000000
44.499554 10240.000000
44.599552 10240.000000
44.699551 10240.000000
44.799549 10240.000000
44.899548 10240.000000
44.999546 10240.000000
45.099545 10240.000000
45.199543 10240.000000
45.299541 10240.000000
45.399540 10240.000000
45.499538 10240.000000
45.599537 10240.000000
45.699535 10240.000000
45.799534 10240.000000
45.899532 10240.000000
45.999531 10240.000000
46.099529 10240.000000
46.199528 10240.000000
46.299526 10240.000000
46.399525 10240.000000
46.499523 10240.000000
46.599522 10240.000000
46.699520 10240.000000
46.799519 10240.000000
46.899517 10240.000000
46.999516 10240.000000
47.099514 10240.000000
47.199512 10240.000000
47.299511 10240.000000
47.399509 10240.000000
47.499508 10240.000000
47.599506 10240.000000
47.699505 10240.000000
47.799503 10240.000000
47.899502 10240.000000
47.999500 10240.000000
48.099499 10240.000000
48.199497 10240.000000
48.299496 10240.000000
48.399494 10240.000000
48.499493 10240.000000
48.599491 10240.000000
48.699490 10240.000000
48.799488 10240.000000
48.899487 10240.000000
48.999485 10240.000000
49.099483 10240.000000
49.199482 10240.000000
49.299480 10240.000000
49.399479 10240.000000
49.499477 10240.000000
49.599476 10240.000000
49.699474 10240.000000
49.799473 10240.000000
49.899471 10240.000000
49.999470 10240.000000
50.099468 10240.000000
50.199467 10240.000000
50.299465 10240.000000
50.399464 10240.000000
50.499462 10240.000000
50.599461 10240.000000
50.699459 10240.000000
50.799458 10240.000000
50.899456 10240.000000
50.999454 10240.000000
51.099453 10240.000000
51.199451 10240.000000
51.299450 10240.000000
51.399448 10240.000000
51.499447 10240.000000
51.599445 10240.000000
51.699444 10240.000000
51.799442 10240.000000
51.899441 10240.000000
51.999439 10240.000000
52.099438 10240.000000
52.199436 10240.000000
52.299435 10240.000000
52.399433 10240.000000
52.499432 10240.000000
52.599430 10240.000000
52.699429 10240.000000
52.799427 10240.000000
52.899426 10240.000000
52.999424 10240.000000
53.099422 10240.000000
53.199421 10240.000000
53.299419 10240.000000
53.399418 10240.000000
53.499416 10240.000000
53.599415 10240.000000
53.699413 10240.000000
53.799412 10240.000000
53.899410 10240.000000
53.999409 10240.000000
54.099407 10240.000000
54.199406 10240.000000
54.299404 10240.000000
54.399403 10240.000000
54.499401 10240.000000
54.599400 10240.000000
54.699398 10240.000000
54.799397 10240.000000
54.899395 10240.000000
54.999393 10240.000000
55.099392 10240.000000
55.199390 10240.000000
55.299389 10240.000000
55.399387 10240.000000
55.499386 10240.000000
55.599384 10240.000000
55.699383 10240.000000
55.799381 10240.000000
55.899380 10240.000000
55.999378 10240.000000
56.099377 10240.000000
56.199375 10240.000000
56.299374 10240.000000
56.399372 10240.000000
56.499371 10240.000000
56.599369 10240.000000
56.699368 10240.000000
56.799366 10240.000000
56.899364 10240.000000
56.999363 10240.000000
57.099361 10240.000000
57.199360 10240.000000
57.299358 10240.000000
57.399357 10240.000000
57.499355 10240.000000
57.599354 10240.000000
57.699352 10240.000000
57.799351 10240.000000
57.899349 10240.000000
57.999348 10240.000000
58.099346 10240.000000
58.199345 10240.000000
58.299343 10240.000000
58.399342 10240.000000
58.499340 10240.000000
58.599339 10240.000000
58.699337 10240.000000
58.799335 10240.000000
58.899334 10240.000000
58.999332 10240.000000
59.099331 10240.000000
59.199329 10240.000000
59.299328 10240.000000
59.399326 10240.000000
59.499325 10240.000000
59.599323 10240.000000
59.699322 10240.000000
59.799320 10240.000000
59.899319 10240.000000
59.999317 10240.000000
